<?xml version="1.0" encoding="UTF-8"?>
<!-- Generated by org.testng.reporters.JUnitReportReporter -->
<testsuite hostname="OITS-2100099" failures="0" tests="1" name="com.online.TestCases.LoginTest" time="2.736" errors="0" timestamp="30 Jul 2024 13:06:14 GMT" skipped="0">
  <testcase classname="com.online.TestCases.LoginTest" name="login" time="2.736"/>
</testsuite> <!-- com.online.TestCases.LoginTest -->
